2026-02-24 00:41:43,968 - main - INFO - === Logging system initialized ===
2026-02-24 00:41:43,968 - main - INFO - Log file: logs/app_20260224_004143.log
2026-02-24 00:41:43,968 - main - INFO - Log level: INFO
2026-02-24 00:41:43,969 - main - INFO - Timestamp: 20260224_004143
2026-02-24 00:41:44,594 - main - INFO - Included router: routers.aihub.router
2026-02-24 00:41:44,612 - main - INFO - Included router: routers.auth.router
2026-02-24 00:41:44,614 - main - INFO - Included router: routers.health.router
2026-02-24 00:41:44,634 - main - INFO - Included router: routers.settings.router
2026-02-24 00:41:44,672 - main - INFO - Included router: routers.storage.router
2026-02-24 00:41:44,734 - main - INFO - Included router: routers.user.router
2026-02-24 00:41:44,736 - main - INFO - === Application startup initiated ===
2026-02-24 00:41:44,736 - services.database - DEBUG - [DB_OP] Starting database initialization
2026-02-24 00:41:44,736 - services.database - INFO - 🔧 Starting database initialization...
2026-02-24 00:41:44,736 - core.database - INFO - Starting database initialization...
2026-02-24 00:41:44,736 - core.config - DEBUG - Read dynamic attribute database_url from environment variable DATABASE_URL
2026-02-24 00:41:44,736 - core.database - INFO - Normalizing database URL for async compatibility...
2026-02-24 00:41:44,737 - core.database - INFO - Creating async database engine...
2026-02-24 00:41:44,737 - core.database - INFO - Using QueuePool with connection pooling for non-Lambda environment
2026-02-24 00:41:44,795 - core.database - INFO - Database engine created successfully
2026-02-24 00:41:44,796 - core.database - INFO - Creating async session maker...
2026-02-24 00:41:44,796 - core.database - INFO - Async session maker created successfully
2026-02-24 00:41:44,796 - core.database - INFO - Database connection initialized successfully
2026-02-24 00:41:44,796 - services.database - INFO - 🔧 Database connection initialized, now creating tables if tables not exist...
2026-02-24 00:41:44,796 - core.database - DEBUG - [DB_OP] Starting create_tables
2026-02-24 00:41:44,796 - core.database - INFO - 🔧 Starting table creation...
2026-02-24 00:41:46,305 - core.database - INFO - Tables initialized successfully
2026-02-24 00:41:46,305 - core.database - DEBUG - [DB_OP] Create tables completed in 1.5092s
2026-02-24 00:41:46,377 - services.database - INFO - 🔧 Table creation completed
2026-02-24 00:41:46,377 - services.database - INFO - Database initialized successfully
2026-02-24 00:41:46,378 - services.database - DEBUG - [DB_OP] Database initialization completed in 1.6417s
2026-02-24 00:41:46,378 - services.mock_data - INFO - mock_data directory not found, skipping mock initialization
2026-02-24 00:41:46,378 - services.database - DEBUG - [DB_OP] Starting database initialization
2026-02-24 00:41:46,378 - services.database - INFO - 🔧 Starting database initialization...
2026-02-24 00:41:46,379 - core.database - INFO - Starting database initialization...
2026-02-24 00:41:46,379 - core.database - INFO - Database already initialized
2026-02-24 00:41:46,379 - services.database - INFO - 🔧 Database connection initialized, now creating tables if tables not exist...
2026-02-24 00:41:46,379 - core.database - DEBUG - [DB_OP] Starting create_tables
2026-02-24 00:41:46,379 - core.database - INFO - Tables already initialized
2026-02-24 00:41:46,379 - services.database - INFO - 🔧 Table creation completed
2026-02-24 00:41:46,379 - services.database - INFO - Database initialized successfully
2026-02-24 00:41:46,379 - services.database - DEBUG - [DB_OP] Database initialization completed in 0.0011s
2026-02-24 00:41:46,379 - core.config - DEBUG - Read dynamic attribute admin_user_id from environment variable ADMIN_USER_ID
2026-02-24 00:41:46,380 - core.config - DEBUG - Read dynamic attribute admin_user_email from environment variable ADMIN_USER_EMAIL
2026-02-24 00:41:46,886 - services.auth - DEBUG - Admin user 950471 already exists
2026-02-24 00:41:46,958 - main - INFO - === Application startup completed successfully ===
2026-02-24 00:41:56,780 - services.database - DEBUG - [DB_OP] Starting database close
2026-02-24 00:41:56,856 - core.database - INFO - Database connection closed and engine disposed
2026-02-24 00:41:56,856 - services.database - INFO - Database connections closed
2026-02-24 00:41:56,856 - services.database - DEBUG - [DB_OP] Database close completed in 0.0757s
