2026-02-24 00:42:09,714 - main - INFO - === Logging system initialized ===
2026-02-24 00:42:09,715 - main - INFO - Log file: logs/app_20260224_004209.log
2026-02-24 00:42:09,715 - main - INFO - Log level: INFO
2026-02-24 00:42:09,715 - main - INFO - Timestamp: 20260224_004209
2026-02-24 00:42:10,384 - main - INFO - Included router: routers.aihub.router
2026-02-24 00:42:10,400 - main - INFO - Included router: routers.auth.router
2026-02-24 00:42:10,401 - main - INFO - Included router: routers.health.router
2026-02-24 00:42:10,422 - main - INFO - Included router: routers.settings.router
2026-02-24 00:42:10,457 - main - INFO - Included router: routers.storage.router
2026-02-24 00:42:10,517 - main - INFO - Included router: routers.user.router
2026-02-24 00:42:10,519 - main - INFO - === Application startup initiated ===
2026-02-24 00:42:10,519 - services.database - DEBUG - [DB_OP] Starting database initialization
2026-02-24 00:42:10,519 - services.database - INFO - 🔧 Starting database initialization...
2026-02-24 00:42:10,519 - core.database - INFO - Starting database initialization...
2026-02-24 00:42:10,519 - core.config - DEBUG - Read dynamic attribute database_url from environment variable DATABASE_URL
2026-02-24 00:42:10,519 - core.database - INFO - Normalizing database URL for async compatibility...
2026-02-24 00:42:10,520 - core.database - INFO - Creating async database engine...
2026-02-24 00:42:10,520 - core.database - INFO - Using QueuePool with connection pooling for non-Lambda environment
2026-02-24 00:42:10,558 - core.database - INFO - Database engine created successfully
2026-02-24 00:42:10,558 - core.database - INFO - Creating async session maker...
2026-02-24 00:42:10,558 - core.database - INFO - Async session maker created successfully
2026-02-24 00:42:10,558 - core.database - INFO - Database connection initialized successfully
2026-02-24 00:42:10,558 - services.database - INFO - 🔧 Database connection initialized, now creating tables if tables not exist...
2026-02-24 00:42:10,558 - core.database - DEBUG - [DB_OP] Starting create_tables
2026-02-24 00:42:10,558 - core.database - INFO - 🔧 Starting table creation...
2026-02-24 00:42:12,078 - core.database - INFO - Tables initialized successfully
2026-02-24 00:42:12,079 - core.database - DEBUG - [DB_OP] Create tables completed in 1.5206s
2026-02-24 00:42:12,151 - services.database - INFO - 🔧 Table creation completed
2026-02-24 00:42:12,151 - services.database - INFO - Database initialized successfully
2026-02-24 00:42:12,151 - services.database - DEBUG - [DB_OP] Database initialization completed in 1.6328s
2026-02-24 00:42:12,153 - services.mock_data - INFO - mock_data directory not found, skipping mock initialization
2026-02-24 00:42:12,153 - services.database - DEBUG - [DB_OP] Starting database initialization
2026-02-24 00:42:12,153 - services.database - INFO - 🔧 Starting database initialization...
2026-02-24 00:42:12,153 - core.database - INFO - Starting database initialization...
2026-02-24 00:42:12,153 - core.database - INFO - Database already initialized
2026-02-24 00:42:12,154 - services.database - INFO - 🔧 Database connection initialized, now creating tables if tables not exist...
2026-02-24 00:42:12,154 - core.database - DEBUG - [DB_OP] Starting create_tables
2026-02-24 00:42:12,154 - core.database - INFO - Tables already initialized
2026-02-24 00:42:12,154 - services.database - INFO - 🔧 Table creation completed
2026-02-24 00:42:12,154 - services.database - INFO - Database initialized successfully
2026-02-24 00:42:12,154 - services.database - DEBUG - [DB_OP] Database initialization completed in 0.0012s
2026-02-24 00:42:12,154 - core.config - DEBUG - Read dynamic attribute admin_user_id from environment variable ADMIN_USER_ID
2026-02-24 00:42:12,154 - core.config - DEBUG - Read dynamic attribute admin_user_email from environment variable ADMIN_USER_EMAIL
2026-02-24 00:42:12,657 - services.auth - DEBUG - Admin user 950471 already exists
2026-02-24 00:42:12,729 - main - INFO - === Application startup completed successfully ===
