2026-02-14 03:05:40,030 - main - INFO - === Logging system initialized ===
2026-02-14 03:05:40,030 - main - INFO - Log file: logs/app_20260214_030540.log
2026-02-14 03:05:40,030 - main - INFO - Log level: INFO
2026-02-14 03:05:40,030 - main - INFO - Timestamp: 20260214_030540
2026-02-14 03:05:41,985 - main - INFO - Included router: routers.aihub.router
2026-02-14 03:05:42,176 - main - INFO - Included router: routers.auth.router
2026-02-14 03:05:42,204 - main - INFO - Included router: routers.health.router
2026-02-14 03:05:42,260 - main - INFO - Included router: routers.settings.router
2026-02-14 03:05:42,376 - main - INFO - Included router: routers.storage.router
2026-02-14 03:05:42,523 - main - INFO - Included router: routers.user.router
2026-02-14 03:05:42,525 - main - INFO - === Application startup initiated ===
2026-02-14 03:05:42,525 - services.database - DEBUG - [DB_OP] Starting database initialization
2026-02-14 03:05:42,525 - services.database - INFO - 🔧 Starting database initialization...
2026-02-14 03:05:42,525 - core.database - INFO - Starting database initialization...
2026-02-14 03:05:42,525 - core.config - DEBUG - Read dynamic attribute database_url from environment variable DATABASE_URL
2026-02-14 03:05:42,525 - core.database - INFO - Normalizing database URL for async compatibility...
2026-02-14 03:05:42,526 - core.database - INFO - Creating async database engine...
2026-02-14 03:05:42,526 - core.database - INFO - Using QueuePool with connection pooling for non-Lambda environment
2026-02-14 03:05:42,572 - core.database - INFO - Database engine created successfully
2026-02-14 03:05:42,572 - core.database - INFO - Creating async session maker...
2026-02-14 03:05:42,572 - core.database - INFO - Async session maker created successfully
2026-02-14 03:05:42,572 - core.database - INFO - Database connection initialized successfully
2026-02-14 03:05:42,572 - services.database - INFO - 🔧 Database connection initialized, now creating tables if tables not exist...
2026-02-14 03:05:42,572 - core.database - DEBUG - [DB_OP] Starting create_tables
2026-02-14 03:05:42,572 - core.database - INFO - 🔧 Starting table creation...
2026-02-14 03:05:43,791 - core.database - INFO - Tables initialized successfully
2026-02-14 03:05:43,791 - core.database - DEBUG - [DB_OP] Create tables completed in 1.2188s
2026-02-14 03:05:43,850 - services.database - INFO - 🔧 Table creation completed
2026-02-14 03:05:43,851 - services.database - INFO - Database initialized successfully
2026-02-14 03:05:43,852 - services.database - DEBUG - [DB_OP] Database initialization completed in 1.3270s
2026-02-14 03:05:43,853 - services.mock_data - INFO - mock_data directory not found, skipping mock initialization
2026-02-14 03:05:43,853 - services.database - DEBUG - [DB_OP] Starting database initialization
2026-02-14 03:05:43,854 - services.database - INFO - 🔧 Starting database initialization...
2026-02-14 03:05:43,854 - core.database - INFO - Starting database initialization...
2026-02-14 03:05:43,855 - core.database - INFO - Database already initialized
2026-02-14 03:05:43,855 - services.database - INFO - 🔧 Database connection initialized, now creating tables if tables not exist...
2026-02-14 03:05:43,856 - core.database - DEBUG - [DB_OP] Starting create_tables
2026-02-14 03:05:43,856 - core.database - INFO - Tables already initialized
2026-02-14 03:05:43,857 - services.database - INFO - 🔧 Table creation completed
2026-02-14 03:05:43,857 - services.database - INFO - Database initialized successfully
2026-02-14 03:05:43,858 - services.database - DEBUG - [DB_OP] Database initialization completed in 0.0047s
2026-02-14 03:05:43,858 - core.config - DEBUG - Read dynamic attribute admin_user_id from environment variable ADMIN_USER_ID
2026-02-14 03:05:43,859 - core.config - DEBUG - Read dynamic attribute admin_user_email from environment variable ADMIN_USER_EMAIL
2026-02-14 03:05:44,452 - services.auth - DEBUG - Created admin user: 950471 with email: 1926375372cgy@gmail.com
2026-02-14 03:05:44,453 - main - INFO - === Application startup completed successfully ===
2026-02-14 03:06:00,281 - core.database - DEBUG - [DB_OP] Starting get_db session creation
2026-02-14 03:06:00,281 - core.database - DEBUG - [DB_OP] Database session created successfully in 0.0004s
2026-02-14 03:06:00,281 - routers.auth - INFO - [token/exchange] Received platform token exchange request
2026-02-14 03:06:00,281 - core.config - DEBUG - Read dynamic attribute oidc_issuer_url from environment variable OIDC_ISSUER_URL
2026-02-14 03:06:00,282 - routers.auth - DEBUG - [token/exchange] Verifying token with issuer: https://auth.atoms.dev/api/v1/oidc/platform/tokens/verify
2026-02-14 03:06:01,754 - httpcore.connection - DEBUG - connect_tcp.started host='auth.atoms.dev' port=443 local_address=None timeout=5.0 socket_options=None
2026-02-14 03:06:01,755 - core.database - DEBUG - [DB_OP] Starting get_db session creation
2026-02-14 03:06:01,755 - core.database - DEBUG - [DB_OP] Database session created successfully in 0.0002s
2026-02-14 03:06:01,756 - routers.auth - INFO - [token/exchange] Received platform token exchange request
2026-02-14 03:06:01,756 - routers.auth - DEBUG - [token/exchange] Verifying token with issuer: https://auth.atoms.dev/api/v1/oidc/platform/tokens/verify
2026-02-14 03:06:01,787 - httpcore.connection - DEBUG - connect_tcp.started host='auth.atoms.dev' port=443 local_address=None timeout=5.0 socket_options=None
2026-02-14 03:06:01,790 - httpcore.connection - DEBUG - connect_tcp.complete return_value=<httpcore._backends.anyio.AnyIOStream object at 0x7fe65f61f6a0>
2026-02-14 03:06:01,790 - httpcore.connection - DEBUG - start_tls.started ssl_context=<ssl.SSLContext object at 0x7fe664160ac0> server_hostname='auth.atoms.dev' timeout=5.0
2026-02-14 03:06:01,797 - httpcore.connection - DEBUG - start_tls.complete return_value=<httpcore._backends.anyio.AnyIOStream object at 0x7fe65f61e5c0>
2026-02-14 03:06:01,797 - httpcore.http11 - DEBUG - send_request_headers.started request=<Request [b'POST']>
2026-02-14 03:06:01,798 - httpcore.http11 - DEBUG - send_request_headers.complete
2026-02-14 03:06:01,798 - httpcore.http11 - DEBUG - send_request_body.started request=<Request [b'POST']>
2026-02-14 03:06:01,798 - httpcore.http11 - DEBUG - send_request_body.complete
2026-02-14 03:06:01,799 - httpcore.http11 - DEBUG - receive_response_headers.started request=<Request [b'POST']>
2026-02-14 03:06:01,801 - httpcore.connection - DEBUG - connect_tcp.complete return_value=<httpcore._backends.anyio.AnyIOStream object at 0x7fe65f61d810>
2026-02-14 03:06:01,801 - httpcore.connection - DEBUG - start_tls.started ssl_context=<ssl.SSLContext object at 0x7fe65f652f40> server_hostname='auth.atoms.dev' timeout=5.0
2026-02-14 03:06:01,809 - httpcore.connection - DEBUG - start_tls.complete return_value=<httpcore._backends.anyio.AnyIOStream object at 0x7fe65f61d990>
2026-02-14 03:06:01,809 - httpcore.http11 - DEBUG - send_request_headers.started request=<Request [b'POST']>
2026-02-14 03:06:01,810 - httpcore.http11 - DEBUG - send_request_headers.complete
2026-02-14 03:06:01,810 - httpcore.http11 - DEBUG - send_request_body.started request=<Request [b'POST']>
2026-02-14 03:06:01,810 - httpcore.http11 - DEBUG - send_request_body.complete
2026-02-14 03:06:01,810 - httpcore.http11 - DEBUG - receive_response_headers.started request=<Request [b'POST']>
2026-02-14 03:06:01,820 - httpcore.http11 - DEBUG - receive_response_headers.complete return_value=(b'HTTP/1.1', 200, b'OK', [(b'Date', b'Sat, 14 Feb 2026 11:13:00 GMT'), (b'Content-Type', b'application/json'), (b'Transfer-Encoding', b'chunked'), (b'Connection', b'keep-alive'), (b'x-response-time', b'0.002s'), (b'x-request-id', b'4900e678614a8df61188fa752c0c0f81'), (b'cf-cache-status', b'DYNAMIC'), (b'Content-Encoding', b'gzip'), (b'Server', b'cloudflare'), (b'CF-RAY', b'9cdc2236fae4d7ac-LAX')])
2026-02-14 03:06:01,821 - httpx - INFO - HTTP Request: POST https://auth.atoms.dev/api/v1/oidc/platform/tokens/verify "HTTP/1.1 200 OK"
2026-02-14 03:06:01,821 - httpcore.http11 - DEBUG - receive_response_body.started request=<Request [b'POST']>
2026-02-14 03:06:01,822 - httpcore.http11 - DEBUG - receive_response_body.complete
2026-02-14 03:06:01,822 - httpcore.http11 - DEBUG - response_closed.started
2026-02-14 03:06:01,822 - httpcore.http11 - DEBUG - response_closed.complete
2026-02-14 03:06:01,823 - httpcore.connection - DEBUG - close.started
2026-02-14 03:06:01,823 - httpcore.connection - DEBUG - close.complete
2026-02-14 03:06:01,823 - routers.auth - DEBUG - [token/exchange] Issuer response status: 200
2026-02-14 03:06:01,823 - routers.auth - DEBUG - [token/exchange] Issuer response body: {'success': True, 'data': {'exp': 1772967888, 'user_id': 950471, 'email': '1926375372cgy@gmail.com', 'pv': 0}, 'message': 'Platform token verified', 'code': 0, 'timestamp': '2026-02-14T11:13:00.011892'}
2026-02-14 03:06:01,823 - routers.auth - INFO - [token/exchange] Token verified, platform_user_id=950471, email=1926375372cgy@gmail.com
2026-02-14 03:06:01,823 - routers.auth - INFO - [token/exchange] Admin user verified, issuing admin token without DB persistence
2026-02-14 03:06:01,824 - routers.auth - DEBUG - [token/exchange] Admin user object for token issuance: id=950471, email=1926375372cgy@gmail.com, role=admin
2026-02-14 03:06:01,824 - core.config - DEBUG - Read dynamic attribute jwt_expire_minutes from environment variable JWT_EXPIRE_MINUTES
2026-02-14 03:06:01,824 - core.config - DEBUG - Read dynamic attribute jwt_secret_key from environment variable JWT_SECRET_KEY
2026-02-14 03:06:01,824 - core.config - DEBUG - Read dynamic attribute jwt_algorithm from environment variable JWT_ALGORITHM
2026-02-14 03:06:01,995 - core.auth - DEBUG - Authentication token created for user hash: f73410a3
2026-02-14 03:06:01,995 - routers.auth - INFO - [token/exchange] Token issued successfully for user_id=950471, expires_at=2026-03-16 11:06:01.824434+00:00
2026-02-14 03:06:01,995 - core.database - DEBUG - [DB_OP] Database session cleanup after 1.7148s
2026-02-14 03:06:01,996 - httpcore.http11 - DEBUG - receive_response_headers.complete return_value=(b'HTTP/1.1', 200, b'OK', [(b'Date', b'Sat, 14 Feb 2026 11:13:00 GMT'), (b'Content-Type', b'application/json'), (b'Transfer-Encoding', b'chunked'), (b'Connection', b'keep-alive'), (b'x-response-time', b'0.001s'), (b'x-request-id', b'b7846bade535b4c4d01fd253a6c2b388'), (b'cf-cache-status', b'DYNAMIC'), (b'Content-Encoding', b'gzip'), (b'Server', b'cloudflare'), (b'CF-RAY', b'9cdc223708df23d1-LAX')])
2026-02-14 03:06:01,997 - httpx - INFO - HTTP Request: POST https://auth.atoms.dev/api/v1/oidc/platform/tokens/verify "HTTP/1.1 200 OK"
2026-02-14 03:06:01,997 - httpcore.http11 - DEBUG - receive_response_body.started request=<Request [b'POST']>
2026-02-14 03:06:01,998 - httpcore.http11 - DEBUG - receive_response_body.complete
2026-02-14 03:06:01,998 - httpcore.http11 - DEBUG - response_closed.started
2026-02-14 03:06:01,998 - httpcore.http11 - DEBUG - response_closed.complete
2026-02-14 03:06:01,998 - httpcore.connection - DEBUG - close.started
2026-02-14 03:06:01,999 - httpcore.connection - DEBUG - close.complete
2026-02-14 03:06:01,999 - routers.auth - DEBUG - [token/exchange] Issuer response status: 200
2026-02-14 03:06:01,999 - routers.auth - DEBUG - [token/exchange] Issuer response body: {'success': True, 'data': {'exp': 1772967888, 'user_id': 950471, 'email': '1926375372cgy@gmail.com', 'pv': 0}, 'message': 'Platform token verified', 'code': 0, 'timestamp': '2026-02-14T11:13:00.023610'}
2026-02-14 03:06:01,999 - routers.auth - INFO - [token/exchange] Token verified, platform_user_id=950471, email=1926375372cgy@gmail.com
2026-02-14 03:06:01,999 - routers.auth - INFO - [token/exchange] Admin user verified, issuing admin token without DB persistence
2026-02-14 03:06:02,000 - routers.auth - DEBUG - [token/exchange] Admin user object for token issuance: id=950471, email=1926375372cgy@gmail.com, role=admin
2026-02-14 03:06:02,000 - core.auth - DEBUG - Authentication token created for user hash: f73410a3
2026-02-14 03:06:02,000 - routers.auth - INFO - [token/exchange] Token issued successfully for user_id=950471, expires_at=2026-03-16 11:06:02.000305+00:00
2026-02-14 03:06:02,001 - core.database - DEBUG - [DB_OP] Database session cleanup after 0.2454s
2026-02-14 03:06:15,441 - core.database - DEBUG - [DB_OP] Starting get_db session creation
2026-02-14 03:06:15,441 - core.database - DEBUG - [DB_OP] Database session created successfully in 0.0005s
2026-02-14 03:06:15,441 - routers.auth - INFO - [token/exchange] Received platform token exchange request
2026-02-14 03:06:15,441 - routers.auth - DEBUG - [token/exchange] Verifying token with issuer: https://auth.atoms.dev/api/v1/oidc/platform/tokens/verify
2026-02-14 03:06:15,476 - httpcore.connection - DEBUG - connect_tcp.started host='auth.atoms.dev' port=443 local_address=None timeout=5.0 socket_options=None
2026-02-14 03:06:15,483 - httpcore.connection - DEBUG - connect_tcp.complete return_value=<httpcore._backends.anyio.AnyIOStream object at 0x7fe65f61f460>
2026-02-14 03:06:15,483 - httpcore.connection - DEBUG - start_tls.started ssl_context=<ssl.SSLContext object at 0x7fe65f653040> server_hostname='auth.atoms.dev' timeout=5.0
2026-02-14 03:06:15,489 - httpcore.connection - DEBUG - start_tls.complete return_value=<httpcore._backends.anyio.AnyIOStream object at 0x7fe66408c370>
2026-02-14 03:06:15,489 - httpcore.http11 - DEBUG - send_request_headers.started request=<Request [b'POST']>
2026-02-14 03:06:15,490 - httpcore.http11 - DEBUG - send_request_headers.complete
2026-02-14 03:06:15,490 - httpcore.http11 - DEBUG - send_request_body.started request=<Request [b'POST']>
2026-02-14 03:06:15,490 - httpcore.http11 - DEBUG - send_request_body.complete
2026-02-14 03:06:15,490 - httpcore.http11 - DEBUG - receive_response_headers.started request=<Request [b'POST']>
2026-02-14 03:06:15,520 - httpcore.http11 - DEBUG - receive_response_headers.complete return_value=(b'HTTP/1.1', 200, b'OK', [(b'Date', b'Sat, 14 Feb 2026 11:13:13 GMT'), (b'Content-Type', b'application/json'), (b'Transfer-Encoding', b'chunked'), (b'Connection', b'keep-alive'), (b'x-response-time', b'0.002s'), (b'x-request-id', b'59f41f5ba71888b15656abeb3c9486c6'), (b'cf-cache-status', b'DYNAMIC'), (b'Content-Encoding', b'gzip'), (b'Server', b'cloudflare'), (b'CF-RAY', b'9cdc228c8ff04b1f-LAX')])
2026-02-14 03:06:15,521 - httpx - INFO - HTTP Request: POST https://auth.atoms.dev/api/v1/oidc/platform/tokens/verify "HTTP/1.1 200 OK"
2026-02-14 03:06:15,521 - httpcore.http11 - DEBUG - receive_response_body.started request=<Request [b'POST']>
2026-02-14 03:06:15,521 - httpcore.http11 - DEBUG - receive_response_body.complete
2026-02-14 03:06:15,521 - httpcore.http11 - DEBUG - response_closed.started
2026-02-14 03:06:15,522 - httpcore.http11 - DEBUG - response_closed.complete
2026-02-14 03:06:15,522 - httpcore.connection - DEBUG - close.started
2026-02-14 03:06:15,522 - httpcore.connection - DEBUG - close.complete
2026-02-14 03:06:15,522 - routers.auth - DEBUG - [token/exchange] Issuer response status: 200
2026-02-14 03:06:15,522 - routers.auth - DEBUG - [token/exchange] Issuer response body: {'success': True, 'data': {'exp': 1772967888, 'user_id': 950471, 'email': '1926375372cgy@gmail.com', 'pv': 0}, 'message': 'Platform token verified', 'code': 0, 'timestamp': '2026-02-14T11:13:13.713283'}
2026-02-14 03:06:15,522 - routers.auth - INFO - [token/exchange] Token verified, platform_user_id=950471, email=1926375372cgy@gmail.com
2026-02-14 03:06:15,522 - routers.auth - INFO - [token/exchange] Admin user verified, issuing admin token without DB persistence
2026-02-14 03:06:15,523 - routers.auth - DEBUG - [token/exchange] Admin user object for token issuance: id=950471, email=1926375372cgy@gmail.com, role=admin
2026-02-14 03:06:15,523 - core.auth - DEBUG - Authentication token created for user hash: f73410a3
2026-02-14 03:06:15,523 - routers.auth - INFO - [token/exchange] Token issued successfully for user_id=950471, expires_at=2026-03-16 11:06:15.523335+00:00
2026-02-14 03:06:15,524 - core.database - DEBUG - [DB_OP] Database session cleanup after 0.0832s
2026-02-14 03:45:13,287 - services.database - DEBUG - [DB_OP] Starting database close
2026-02-14 03:45:13,289 - core.database - INFO - Database connection closed and engine disposed
2026-02-14 03:45:13,289 - services.database - INFO - Database connections closed
2026-02-14 03:45:13,289 - services.database - DEBUG - [DB_OP] Database close completed in 0.0017s
